======
  Method: GET
  URL: /api/v1/blockchain/
  Date: 2024-05-04
  Time: 16:18:50
  ---
  Headers: {
  "user-agent": "PostmanRuntime/7.38.0",
  "accept": "*/*",
  "postman-token": "b63097a2-4fc6-4fdf-8906-38a8a239190a",
  "host": "localhost:5001",
  "accept-encoding": "gzip, deflate, br",
  "connection": "keep-alive"
}
  Body: {}
======
  Method: GET
  URL: /api/v1/blockchain/blocks/3
  Date: 2024-05-04
  Time: 16:19:09
  ---
  Headers: {
  "user-agent": "PostmanRuntime/7.38.0",
  "accept": "*/*",
  "postman-token": "67059bf7-c332-4baf-934a-3f897372e45d",
  "host": "localhost:5001",
  "accept-encoding": "gzip, deflate, br",
  "connection": "keep-alive"
}
  Body: {}
======
  Method: GET
  URL: /api/v1/blockchain/blocks/latest
  Date: 2024-05-04
  Time: 16:19:16
  ---
  Headers: {
  "user-agent": "PostmanRuntime/7.38.0",
  "accept": "*/*",
  "postman-token": "014a5b73-869a-48ad-b8a2-9f13009f6d81",
  "host": "localhost:5001",
  "accept-encoding": "gzip, deflate, br",
  "connection": "keep-alive"
}
  Body: {}
======
  Method: GET
  URL: /api/v1/blockchain/blocks
  Date: 2024-05-04
  Time: 16:21:29
  ---
  Headers: {
  "user-agent": "PostmanRuntime/7.38.0",
  "accept": "*/*",
  "postman-token": "bb6538f9-644b-459a-b64d-e7e907fefe26",
  "host": "localhost:5001",
  "accept-encoding": "gzip, deflate, br",
  "connection": "keep-alive"
}
  Body: {}
======
  Method: GET
  URL: /api/v1/blockchain
  Date: 2024-05-04
  Time: 16:33:11
  ---
  Headers: {
  "user-agent": "PostmanRuntime/7.38.0",
  "accept": "*/*",
  "postman-token": "e003e1d3-a188-486c-ae9e-88dfcb8a2e49",
  "host": "localhost:5001",
  "accept-encoding": "gzip, deflate, br",
  "connection": "keep-alive"
}
  Body: {}
======
  Method: GET
  URL: /api/v1/members
  Date: 2024-05-04
  Time: 16:36:11
  ---
  Headers: {
  "user-agent": "PostmanRuntime/7.38.0",
  "accept": "*/*",
  "postman-token": "84a70821-77a4-46f3-9b02-077e565dd447",
  "host": "localhost:5001",
  "accept-encoding": "gzip, deflate, br",
  "connection": "keep-alive"
}
  Body: {}
======
  Method: GET
  URL: /api/v1/members
  Date: 2024-05-04
  Time: 16:36:16
  ---
  Headers: {
  "user-agent": "PostmanRuntime/7.38.0",
  "accept": "*/*",
  "postman-token": "9fa04e52-b6ae-40bd-9313-62892d48de65",
  "host": "localhost:5001",
  "accept-encoding": "gzip, deflate, br",
  "connection": "keep-alive"
}
  Body: {}
======
  Method: POST
  URL: /api/v1/members/register-node
  Date: 2024-05-04
  Time: 16:47:25
  ---
  Headers: {
  "content-type": "application/json",
  "user-agent": "PostmanRuntime/7.38.0",
  "accept": "*/*",
  "postman-token": "cb01cfa9-04a7-4f8b-b7a5-9cd2de80dc11",
  "host": "localhost:5001",
  "accept-encoding": "gzip, deflate, br",
  "connection": "keep-alive",
  "content-length": "44"
}
  Body: {
  "nodeUrl": "http://localhost:5002"
}
======
  Method: GET
  URL: /api/v1/members
  Date: 2024-05-04
  Time: 16:47:30
  ---
  Headers: {
  "user-agent": "PostmanRuntime/7.38.0",
  "accept": "*/*",
  "postman-token": "8802ebf5-0c6d-43cb-b5ac-4f836e048661",
  "host": "localhost:5001",
  "accept-encoding": "gzip, deflate, br",
  "connection": "keep-alive"
}
  Body: {}
======
  Method: GET
  URL: /api/v1/members
  Date: 2024-05-04
  Time: 16:47:32
  ---
  Headers: {
  "user-agent": "PostmanRuntime/7.38.0",
  "accept": "*/*",
  "postman-token": "06e5eeb4-e32f-4ba9-a6e1-4a8ff1739b74",
  "host": "localhost:5001",
  "accept-encoding": "gzip, deflate, br",
  "connection": "keep-alive"
}
  Body: {}
======
  Method: POST
  URL: /api/v1/members/register-node
  Date: 2024-05-04
  Time: 16:47:35
  ---
  Headers: {
  "content-type": "application/json",
  "user-agent": "PostmanRuntime/7.38.0",
  "accept": "*/*",
  "postman-token": "966622b3-93be-4c50-9334-d8d5b45c4257",
  "host": "localhost:5001",
  "accept-encoding": "gzip, deflate, br",
  "connection": "keep-alive",
  "content-length": "44"
}
  Body: {
  "nodeUrl": "http://localhost:5002"
}
======
  Method: POST
  URL: /api/v1/members/register-node
  Date: 2024-05-04
  Time: 16:47:57
  ---
  Headers: {
  "content-type": "application/json",
  "user-agent": "PostmanRuntime/7.38.0",
  "accept": "*/*",
  "postman-token": "ed63bedc-1ebf-4bac-9fc3-23b744c18520",
  "host": "localhost:5001",
  "accept-encoding": "gzip, deflate, br",
  "connection": "keep-alive",
  "content-length": "44"
}
  Body: {
  "nodeUrl": "http://localhost:5002"
}
======
  Method: POST
  URL: /api/v1/members/register-node
  Date: 2024-05-04
  Time: 16:48:00
  ---
  Headers: {
  "content-type": "application/json",
  "user-agent": "PostmanRuntime/7.38.0",
  "accept": "*/*",
  "postman-token": "ea807e46-9194-445a-b382-b283284256e7",
  "host": "localhost:5001",
  "accept-encoding": "gzip, deflate, br",
  "connection": "keep-alive",
  "content-length": "44"
}
  Body: {
  "nodeUrl": "http://localhost:5002"
}
======
  Method: POST
  URL: /api/v1/members/register-node
  Date: 2024-05-04
  Time: 16:48:08
  ---
  Headers: {
  "content-type": "application/json",
  "user-agent": "PostmanRuntime/7.38.0",
  "accept": "*/*",
  "postman-token": "dbc7593e-4674-46a8-b068-087c90cb1996",
  "host": "localhost:5001",
  "accept-encoding": "gzip, deflate, br",
  "connection": "keep-alive",
  "content-length": "44"
}
  Body: {
  "nodeUrl": "http://localhost:5002"
}
======
  Method: POST
  URL: /api/v1/members/register-node
  Date: 2024-05-04
  Time: 16:48:09
  ---
  Headers: {
  "content-type": "application/json",
  "user-agent": "PostmanRuntime/7.38.0",
  "accept": "*/*",
  "postman-token": "74b60086-839b-4488-b8cc-115bd4c56c37",
  "host": "localhost:5001",
  "accept-encoding": "gzip, deflate, br",
  "connection": "keep-alive",
  "content-length": "44"
}
  Body: {
  "nodeUrl": "http://localhost:5002"
}
======
  Method: POST
  URL: /api/v1/members/register-node
  Date: 2024-05-04
  Time: 16:48:19
  ---
  Headers: {
  "content-type": "application/json",
  "user-agent": "PostmanRuntime/7.38.0",
  "accept": "*/*",
  "postman-token": "98182134-e887-4285-9a86-e2aea380fd3d",
  "host": "localhost:5001",
  "accept-encoding": "gzip, deflate, br",
  "connection": "keep-alive",
  "content-length": "44"
}
  Body: {
  "nodeUrl": "http://localhost:5001"
}
======
  Method: POST
  URL: /api/v1/members/register-node
  Date: 2024-05-04
  Time: 16:48:20
  ---
  Headers: {
  "content-type": "application/json",
  "user-agent": "PostmanRuntime/7.38.0",
  "accept": "*/*",
  "postman-token": "0f33e805-09a1-4800-970d-c676dca05343",
  "host": "localhost:5001",
  "accept-encoding": "gzip, deflate, br",
  "connection": "keep-alive",
  "content-length": "44"
}
  Body: {
  "nodeUrl": "http://localhost:5001"
}
======
  Method: POST
  URL: /api/v1/members/register-node
  Date: 2024-05-04
  Time: 16:48:21
  ---
  Headers: {
  "content-type": "application/json",
  "user-agent": "PostmanRuntime/7.38.0",
  "accept": "*/*",
  "postman-token": "45e6bce8-cb86-45be-bd0b-79e5f853a286",
  "host": "localhost:5001",
  "accept-encoding": "gzip, deflate, br",
  "connection": "keep-alive",
  "content-length": "44"
}
  Body: {
  "nodeUrl": "http://localhost:5001"
}
======
  Method: POST
  URL: /api/v1/members/register-node
  Date: 2024-05-04
  Time: 16:48:24
  ---
  Headers: {
  "content-type": "application/json",
  "user-agent": "PostmanRuntime/7.38.0",
  "accept": "*/*",
  "postman-token": "a7143c48-09b7-4efd-882d-65930538c6c0",
  "host": "localhost:5001",
  "accept-encoding": "gzip, deflate, br",
  "connection": "keep-alive",
  "content-length": "44"
}
  Body: {
  "nodeUrl": "http://localhost:5002"
}
======
  Method: POST
  URL: /api/v1/members/register-node
  Date: 2024-05-04
  Time: 16:56:43
  ---
  Headers: {
  "content-type": "application/json",
  "user-agent": "PostmanRuntime/7.38.0",
  "accept": "*/*",
  "postman-token": "7cbf5e8c-550a-4148-b736-849a1cb78d06",
  "host": "localhost:5001",
  "accept-encoding": "gzip, deflate, br",
  "connection": "keep-alive",
  "content-length": "44"
}
  Body: {
  "nodeUrl": "http://localhost:5002"
}
======
  Method: GET
  URL: /api/v1/members
  Date: 2024-05-04
  Time: 16:57:21
  ---
  Headers: {
  "user-agent": "PostmanRuntime/7.38.0",
  "accept": "*/*",
  "postman-token": "36fe16ca-65db-49a5-8665-df96a41fdfba",
  "host": "localhost:5001",
  "accept-encoding": "gzip, deflate, br",
  "connection": "keep-alive"
}
  Body: {}
======
  Method: POST
  URL: /api/v1/members/register-node
  Date: 2024-05-04
  Time: 16:57:23
  ---
  Headers: {
  "content-type": "application/json",
  "user-agent": "PostmanRuntime/7.38.0",
  "accept": "*/*",
  "postman-token": "fb0abe01-47db-4676-a0db-d8081db4c015",
  "host": "localhost:5001",
  "accept-encoding": "gzip, deflate, br",
  "connection": "keep-alive",
  "content-length": "44"
}
  Body: {
  "nodeUrl": "http://localhost:5002"
}
======
  Method: POST
  URL: /api/v1/members/register-node
  Date: 2024-05-04
  Time: 17:00:02
  ---
  Headers: {
  "content-type": "application/json",
  "user-agent": "PostmanRuntime/7.38.0",
  "accept": "*/*",
  "postman-token": "5bdaae7a-f70a-4669-9a43-ee13ba824f38",
  "host": "localhost:5001",
  "accept-encoding": "gzip, deflate, br",
  "connection": "keep-alive",
  "content-length": "44"
}
  Body: {
  "nodeUrl": "http://localhost:5002"
}
======
  Method: GET
  URL: /api/v1/members
  Date: 2024-05-04
  Time: 17:00:52
  ---
  Headers: {
  "user-agent": "PostmanRuntime/7.38.0",
  "accept": "*/*",
  "postman-token": "c013768c-8794-42ed-8499-1de0e4bd3a1b",
  "host": "localhost:5002",
  "accept-encoding": "gzip, deflate, br",
  "connection": "keep-alive"
}
  Body: {}
======
  Method: GET
  URL: /api/v1/members
  Date: 2024-05-04
  Time: 17:00:55
  ---
  Headers: {
  "user-agent": "PostmanRuntime/7.38.0",
  "accept": "*/*",
  "postman-token": "af1bb379-3e00-42ce-a391-51e1c0c2ea35",
  "host": "localhost:5001",
  "accept-encoding": "gzip, deflate, br",
  "connection": "keep-alive"
}
  Body: {}
======
  Method: POST
  URL: /api/v1/members/register-node
  Date: 2024-05-04
  Time: 17:00:58
  ---
  Headers: {
  "content-type": "application/json",
  "user-agent": "PostmanRuntime/7.38.0",
  "accept": "*/*",
  "postman-token": "0434aba1-ea49-492e-a9ed-d558ce5fae8c",
  "host": "localhost:5001",
  "accept-encoding": "gzip, deflate, br",
  "connection": "keep-alive",
  "content-length": "44"
}
  Body: {
  "nodeUrl": "http://localhost:5002"
}
======
  Method: POST
  URL: /api/v1/members/register-node
  Date: 2024-05-04
  Time: 17:00:58
  ---
  Headers: {
  "host": "localhost:5002",
  "connection": "keep-alive",
  "content-type": "application/json",
  "accept": "*/*",
  "accept-language": "*",
  "sec-fetch-mode": "cors",
  "user-agent": "node",
  "accept-encoding": "gzip, deflate",
  "content-length": "35"
}
  Body: {
  "nodeUrl": "http://localhost:5002"
}
======
  Method: POST
  URL: /api/v1/members/register-node
  Date: 2024-05-04
  Time: 17:00:58
  ---
  Headers: {
  "host": "localhost:5002",
  "connection": "keep-alive",
  "content-type": "application/json",
  "accept": "*/*",
  "accept-language": "*",
  "sec-fetch-mode": "cors",
  "user-agent": "node",
  "accept-encoding": "gzip, deflate",
  "content-length": "35"
}
  Body: {
  "nodeUrl": "http://localhost:5001"
}
======
  Method: POST
  URL: /api/v1/members/register-node
  Date: 2024-05-04
  Time: 17:00:58
  ---
  Headers: {
  "host": "localhost:5001",
  "connection": "keep-alive",
  "content-type": "application/json",
  "accept": "*/*",
  "accept-language": "*",
  "sec-fetch-mode": "cors",
  "user-agent": "node",
  "accept-encoding": "gzip, deflate",
  "content-length": "35"
}
  Body: {
  "nodeUrl": "http://localhost:5001"
}
======
  Method: POST
  URL: /api/v1/members/register-node
  Date: 2024-05-04
  Time: 17:00:58
  ---
  Headers: {
  "host": "localhost:5001",
  "connection": "keep-alive",
  "content-type": "application/json",
  "accept": "*/*",
  "accept-language": "*",
  "sec-fetch-mode": "cors",
  "user-agent": "node",
  "accept-encoding": "gzip, deflate",
  "content-length": "35"
}
  Body: {
  "nodeUrl": "http://localhost:5002"
}
======
  Method: GET
  URL: /api/v1/members
  Date: 2024-05-04
  Time: 17:01:00
  ---
  Headers: {
  "user-agent": "PostmanRuntime/7.38.0",
  "accept": "*/*",
  "postman-token": "386e8df0-9ddd-4717-a7ce-40a48b8d39e0",
  "host": "localhost:5002",
  "accept-encoding": "gzip, deflate, br",
  "connection": "keep-alive"
}
  Body: {}
======
  Method: GET
  URL: /api/v1/members
  Date: 2024-05-04
  Time: 17:01:03
  ---
  Headers: {
  "user-agent": "PostmanRuntime/7.38.0",
  "accept": "*/*",
  "postman-token": "8b68908f-5177-4a95-8eee-d9978a43119e",
  "host": "localhost:5001",
  "accept-encoding": "gzip, deflate, br",
  "connection": "keep-alive"
}
  Body: {}
======
  Method: GET
  URL: /api/v1/members
  Date: 2024-05-04
  Time: 17:01:06
  ---
  Headers: {
  "user-agent": "PostmanRuntime/7.38.0",
  "accept": "*/*",
  "postman-token": "6c25b731-aa7b-4b03-aecf-7eff7dd8ff5c",
  "host": "localhost:5002",
  "accept-encoding": "gzip, deflate, br",
  "connection": "keep-alive"
}
  Body: {}
======
  Method: POST
  URL: /api/v1/members/register-node
  Date: 2024-05-04
  Time: 17:01:08
  ---
  Headers: {
  "content-type": "application/json",
  "user-agent": "PostmanRuntime/7.38.0",
  "accept": "*/*",
  "postman-token": "fa69b185-074a-494f-b26c-a37f091b930e",
  "host": "localhost:5001",
  "accept-encoding": "gzip, deflate, br",
  "connection": "keep-alive",
  "content-length": "44"
}
  Body: {
  "nodeUrl": "http://localhost:5002"
}
======
  Method: POST
  URL: /api/v1/members/register-node
  Date: 2024-05-04
  Time: 17:01:47
  ---
  Headers: {
  "content-type": "application/json",
  "user-agent": "PostmanRuntime/7.38.0",
  "accept": "*/*",
  "postman-token": "29f280a5-631b-4b43-92ea-362feeb5477c",
  "host": "localhost:5002",
  "accept-encoding": "gzip, deflate, br",
  "connection": "keep-alive",
  "content-length": "44"
}
  Body: {
  "nodeUrl": "http://localhost:5001"
}
======
  Method: POST
  URL: /api/v1/members/register-node
  Date: 2024-05-04
  Time: 17:02:31
  ---
  Headers: {
  "content-type": "application/json",
  "user-agent": "PostmanRuntime/7.38.0",
  "accept": "*/*",
  "postman-token": "df6819ca-9113-4818-9458-92fd0e6bdaf6",
  "host": "localhost:5001",
  "accept-encoding": "gzip, deflate, br",
  "connection": "keep-alive",
  "content-length": "44"
}
  Body: {
  "nodeUrl": "http://localhost:5002"
}
======
  Method: POST
  URL: /api/v1/members/register-node
  Date: 2024-05-04
  Time: 17:02:42
  ---
  Headers: {
  "content-type": "application/json",
  "user-agent": "PostmanRuntime/7.38.0",
  "accept": "*/*",
  "postman-token": "f84a5c99-c52c-45a1-8bce-438a284f0299",
  "host": "localhost:5002",
  "accept-encoding": "gzip, deflate, br",
  "connection": "keep-alive",
  "content-length": "44"
}
  Body: {
  "nodeUrl": "http://localhost:5002"
}
======
  Method: POST
  URL: /api/v1/members/register-node
  Date: 2024-05-04
  Time: 17:02:44
  ---
  Headers: {
  "content-type": "application/json",
  "user-agent": "PostmanRuntime/7.38.0",
  "accept": "*/*",
  "postman-token": "0a5f55f0-432e-435a-8cd0-d19cb9297ce4",
  "host": "localhost:5002",
  "accept-encoding": "gzip, deflate, br",
  "connection": "keep-alive",
  "content-length": "44"
}
  Body: {
  "nodeUrl": "http://localhost:5002"
}
======
  Method: POST
  URL: /api/v1/members/register-node
  Date: 2024-05-04
  Time: 17:02:49
  ---
  Headers: {
  "content-type": "application/json",
  "user-agent": "PostmanRuntime/7.38.0",
  "accept": "*/*",
  "postman-token": "8fcd74ec-5237-4f11-bc2f-1107e7054042",
  "host": "localhost:5001",
  "accept-encoding": "gzip, deflate, br",
  "connection": "keep-alive",
  "content-length": "44"
}
  Body: {
  "nodeUrl": "http://localhost:5002"
}
======
  Method: POST
  URL: /api/v1/members/register-node
  Date: 2024-05-04
  Time: 17:02:50
  ---
  Headers: {
  "content-type": "application/json",
  "user-agent": "PostmanRuntime/7.38.0",
  "accept": "*/*",
  "postman-token": "2b450fcf-89b6-4e2b-b385-b8493921204f",
  "host": "localhost:5001",
  "accept-encoding": "gzip, deflate, br",
  "connection": "keep-alive",
  "content-length": "44"
}
  Body: {
  "nodeUrl": "http://localhost:5002"
}
======
  Method: GET
  URL: /api/v1/members
  Date: 2024-05-04
  Time: 17:02:51
  ---
  Headers: {
  "user-agent": "PostmanRuntime/7.38.0",
  "accept": "*/*",
  "postman-token": "41ac7b29-c127-4536-9911-974ac364ddbd",
  "host": "localhost:5001",
  "accept-encoding": "gzip, deflate, br",
  "connection": "keep-alive"
}
  Body: {}
======
  Method: POST
  URL: /api/v1/members/register-node
  Date: 2024-05-04
  Time: 17:02:54
  ---
  Headers: {
  "content-type": "application/json",
  "user-agent": "PostmanRuntime/7.38.0",
  "accept": "*/*",
  "postman-token": "7f5b1b61-b004-4997-a53a-8f41135027f9",
  "host": "localhost:5001",
  "accept-encoding": "gzip, deflate, br",
  "connection": "keep-alive",
  "content-length": "44"
}
  Body: {
  "nodeUrl": "http://localhost:5002"
}
======
  Method: GET
  URL: /api/v1/members
  Date: 2024-05-04
  Time: 17:03:36
  ---
  Headers: {
  "user-agent": "PostmanRuntime/7.38.0",
  "accept": "*/*",
  "postman-token": "e1870dcb-f14d-45fd-bbfc-5aaec8e21472",
  "host": "localhost:5002",
  "accept-encoding": "gzip, deflate, br",
  "connection": "keep-alive"
}
  Body: {}
======
  Method: GET
  URL: /api/v1/members
  Date: 2024-05-04
  Time: 17:03:40
  ---
  Headers: {
  "user-agent": "PostmanRuntime/7.38.0",
  "accept": "*/*",
  "postman-token": "10e8829a-b0b1-4b0a-b77c-322628a7128b",
  "host": "localhost:5001",
  "accept-encoding": "gzip, deflate, br",
  "connection": "keep-alive"
}
  Body: {}
======
  Method: GET
  URL: /api/v1/members
  Date: 2024-05-04
  Time: 17:06:28
  ---
  Headers: {
  "user-agent": "PostmanRuntime/7.38.0",
  "accept": "*/*",
  "postman-token": "2bb34bab-afa7-4914-9c02-12c82026a4bb",
  "host": "localhost:5002",
  "accept-encoding": "gzip, deflate, br",
  "connection": "keep-alive"
}
  Body: {}
======
  Method: GET
  URL: /api/v1/members
  Date: 2024-05-04
  Time: 17:09:22
  ---
  Headers: {
  "user-agent": "PostmanRuntime/7.38.0",
  "accept": "*/*",
  "postman-token": "7d32bb83-3e04-4d41-a25e-f75ac553e2df",
  "host": "localhost:5002",
  "accept-encoding": "gzip, deflate, br",
  "connection": "keep-alive"
}
  Body: {}
======
  Method: GET
  URL: /api/v1/members
  Date: 2024-05-04
  Time: 17:11:27
  ---
  Headers: {
  "user-agent": "PostmanRuntime/7.38.0",
  "accept": "*/*",
  "postman-token": "fa79d998-a3a8-4310-a3f7-59a5facb0ddb",
  "host": "localhost:5001",
  "accept-encoding": "gzip, deflate, br",
  "connection": "keep-alive"
}
  Body: {}
======
  Method: GET
  URL: /api/v1/members
  Date: 2024-05-04
  Time: 17:11:31
  ---
  Headers: {
  "user-agent": "PostmanRuntime/7.38.0",
  "accept": "*/*",
  "postman-token": "b608f44e-70e3-42ba-a8a7-3dcbc971ec6f",
  "host": "localhost:5002",
  "accept-encoding": "gzip, deflate, br",
  "connection": "keep-alive"
}
  Body: {}
======
  Method: POST
  URL: /api/v1/members/register-node
  Date: 2024-05-04
  Time: 17:11:49
  ---
  Headers: {
  "content-type": "application/json",
  "user-agent": "PostmanRuntime/7.38.0",
  "accept": "*/*",
  "postman-token": "4dd4eb10-a4e1-4342-b5e5-c7834b3ae42d",
  "host": "localhost:5001",
  "accept-encoding": "gzip, deflate, br",
  "connection": "keep-alive",
  "content-length": "44"
}
  Body: {
  "nodeUrl": "http://localhost:5002"
}
======
  Method: POST
  URL: /api/v1/members/register-node
  Date: 2024-05-04
  Time: 17:11:49
  ---
  Headers: {
  "host": "localhost:5002",
  "connection": "keep-alive",
  "content-type": "application/json",
  "accept": "*/*",
  "accept-language": "*",
  "sec-fetch-mode": "cors",
  "user-agent": "node",
  "accept-encoding": "gzip, deflate",
  "content-length": "35"
}
  Body: {
  "nodeUrl": "http://localhost:5002"
}
======
  Method: POST
  URL: /api/v1/members/register-node
  Date: 2024-05-04
  Time: 17:11:49
  ---
  Headers: {
  "host": "localhost:5002",
  "connection": "keep-alive",
  "content-type": "application/json",
  "accept": "*/*",
  "accept-language": "*",
  "sec-fetch-mode": "cors",
  "user-agent": "node",
  "accept-encoding": "gzip, deflate",
  "content-length": "35"
}
  Body: {
  "nodeUrl": "http://localhost:5001"
}
======
  Method: POST
  URL: /api/v1/members/register-node
  Date: 2024-05-04
  Time: 17:11:49
  ---
  Headers: {
  "host": "localhost:5001",
  "connection": "keep-alive",
  "content-type": "application/json",
  "accept": "*/*",
  "accept-language": "*",
  "sec-fetch-mode": "cors",
  "user-agent": "node",
  "accept-encoding": "gzip, deflate",
  "content-length": "35"
}
  Body: {
  "nodeUrl": "http://localhost:5001"
}
======
  Method: POST
  URL: /api/v1/members/register-node
  Date: 2024-05-04
  Time: 17:11:49
  ---
  Headers: {
  "host": "localhost:5001",
  "connection": "keep-alive",
  "content-type": "application/json",
  "accept": "*/*",
  "accept-language": "*",
  "sec-fetch-mode": "cors",
  "user-agent": "node",
  "accept-encoding": "gzip, deflate",
  "content-length": "35"
}
  Body: {
  "nodeUrl": "http://localhost:5002"
}
======
  Method: GET
  URL: /api/v1/members
  Date: 2024-05-04
  Time: 17:11:52
  ---
  Headers: {
  "user-agent": "PostmanRuntime/7.38.0",
  "accept": "*/*",
  "postman-token": "d0161f85-b024-49ed-8598-d5e8cd39e474",
  "host": "localhost:5001",
  "accept-encoding": "gzip, deflate, br",
  "connection": "keep-alive"
}
  Body: {}
======
  Method: GET
  URL: /api/v1/members
  Date: 2024-05-04
  Time: 17:11:55
  ---
  Headers: {
  "user-agent": "PostmanRuntime/7.38.0",
  "accept": "*/*",
  "postman-token": "69137179-e3ab-4e6e-8872-f5937cb8525e",
  "host": "localhost:5002",
  "accept-encoding": "gzip, deflate, br",
  "connection": "keep-alive"
}
  Body: {}
======
  Method: POST
  URL: /api/v1/members
  Date: 2024-05-04
  Time: 17:12:46
  ---
  Headers: {
  "content-type": "application/json",
  "user-agent": "PostmanRuntime/7.38.0",
  "accept": "*/*",
  "postman-token": "dcbb3af9-a3f8-446b-ae2d-2b60e5cbad74",
  "host": "localhost:5002",
  "accept-encoding": "gzip, deflate, br",
  "connection": "keep-alive",
  "content-length": "44"
}
  Body: {
  "nodeUrl": "http://localhost:5001"
}
======
  Method: POST
  URL: /api/v1/members/register-node
  Date: 2024-05-04
  Time: 17:12:49
  ---
  Headers: {
  "content-type": "application/json",
  "user-agent": "PostmanRuntime/7.38.0",
  "accept": "*/*",
  "postman-token": "246f18d3-dc49-4bf1-ad27-1803e270e17a",
  "host": "localhost:5001",
  "accept-encoding": "gzip, deflate, br",
  "connection": "keep-alive",
  "content-length": "44"
}
  Body: {
  "nodeUrl": "http://localhost:5002"
}
======
  Method: GET
  URL: /api/v1/members
  Date: 2024-05-04
  Time: 17:12:52
  ---
  Headers: {
  "user-agent": "PostmanRuntime/7.38.0",
  "accept": "*/*",
  "postman-token": "30b182d6-4c28-4e51-9bde-fdf3e36a7deb",
  "host": "localhost:5001",
  "accept-encoding": "gzip, deflate, br",
  "connection": "keep-alive"
}
  Body: {}
======
  Method: GET
  URL: /api/v1/members
  Date: 2024-05-04
  Time: 17:12:55
  ---
  Headers: {
  "user-agent": "PostmanRuntime/7.38.0",
  "accept": "*/*",
  "postman-token": "67a08e12-d6c2-4bcb-80d8-9e78a931c730",
  "host": "localhost:5002",
  "accept-encoding": "gzip, deflate, br",
  "connection": "keep-alive"
}
  Body: {}
